Copyright 1986-2022 Xilinx, Inc. All Rights Reserved.
------------------------------------------------------------------------------------
| Tool Version : Vivado v.2022.1 (win64) Build 3526262 Mon Apr 18 15:48:16 MDT 2022
| Date         : Sat Dec 10 17:48:06 2022
| Host         : Earth running 64-bit major release  (build 9200)
| Command      : report_control_sets -verbose -file main_control_sets_placed.rpt
| Design       : main
| Device       : xc7a35t
------------------------------------------------------------------------------------

Control Set Information

Table of Contents
-----------------
1. Summary
2. Histogram
3. Flip-Flop Distribution
4. Detailed Control Set Information

1. Summary
----------

+----------------------------------------------------------+-------+
|                          Status                          | Count |
+----------------------------------------------------------+-------+
| Total control sets                                       |    24 |
|    Minimum number of control sets                        |    24 |
|    Addition due to synthesis replication                 |     0 |
|    Addition due to physical synthesis replication        |     0 |
| Unused register locations in slices containing registers |   158 |
+----------------------------------------------------------+-------+
* Control sets can be merged at opt_design using control_set_merge or merge_equivalent_drivers
** Run report_qor_suggestions for automated merging and remapping suggestions


2. Histogram
------------

+--------------------+-------+
|       Fanout       | Count |
+--------------------+-------+
| Total control sets |    24 |
| >= 0 to < 4        |    19 |
| >= 4 to < 6        |     2 |
| >= 6 to < 8        |     0 |
| >= 8 to < 10       |     1 |
| >= 10 to < 12      |     0 |
| >= 12 to < 14      |     1 |
| >= 14 to < 16      |     0 |
| >= 16              |     1 |
+--------------------+-------+
* Control sets can be remapped at either synth_design or opt_design


3. Flip-Flop Distribution
-------------------------

+--------------+-----------------------+------------------------+-----------------+--------------+
| Clock Enable | Synchronous Set/Reset | Asynchronous Set/Reset | Total Registers | Total Slices |
+--------------+-----------------------+------------------------+-----------------+--------------+
| No           | No                    | No                     |              28 |           26 |
| No           | No                    | Yes                    |               0 |            0 |
| No           | Yes                   | No                     |               0 |            0 |
| Yes          | No                    | No                     |             214 |           94 |
| Yes          | No                    | Yes                    |               0 |            0 |
| Yes          | Yes                   | No                     |               0 |            0 |
+--------------+-----------------------+------------------------+-----------------+--------------+


4. Detailed Control Set Information
-----------------------------------

+---------------------------------------------+------------------------------------------+------------------+------------------+----------------+--------------+
|                 Clock Signal                |               Enable Signal              | Set/Reset Signal | Slice Load Count | Bel Load Count | Bels / Slice |
+---------------------------------------------+------------------------------------------+------------------+------------------+----------------+--------------+
|  clkComp/genblk1[0].middleCLK/outCLK        |                                          |                  |                1 |              1 |         1.00 |
|  clkComp/genblk1[3].middleCLK/outCLK_reg_0  |                                          |                  |                1 |              1 |         1.00 |
|  clkComp/genblk1[5].middleCLK/outCLK_reg_0  |                                          |                  |                1 |              1 |         1.00 |
|  clkComp/genblk1[11].middleCLK/outCLK_reg_0 |                                          |                  |                1 |              1 |         1.00 |
|  clkComp/genblk1[10].middleCLK/outCLK_reg_0 |                                          |                  |                1 |              1 |         1.00 |
|  clkComp/genblk1[7].middleCLK/outCLK_reg_0  |                                          |                  |                1 |              1 |         1.00 |
|  clkComp/genblk1[6].middleCLK/outCLK_reg_0  |                                          |                  |                1 |              1 |         1.00 |
|  clkComp/genblk1[4].middleCLK/outCLK_reg_0  |                                          |                  |                1 |              1 |         1.00 |
|  clkComp/genblk1[14].middleCLK/outCLK_reg_0 |                                          |                  |                1 |              1 |         1.00 |
|  clkComp/genblk1[9].middleCLK/outCLK_reg_0  |                                          |                  |                1 |              1 |         1.00 |
|  clkComp/genblk1[8].middleCLK/outCLK_reg_0  |                                          |                  |                1 |              1 |         1.00 |
|  clkComp/genblk1[13].middleCLK/outCLK_reg_0 |                                          |                  |                1 |              1 |         1.00 |
|  clkComp/genblk1[12].middleCLK/outCLK_reg_0 |                                          |                  |                1 |              1 |         1.00 |
|  clkComp/genblk1[17].middleCLK/outCLK_reg_0 |                                          |                  |                1 |              1 |         1.00 |
|  clkComp/genblk1[16].middleCLK/outCLK_reg_0 |                                          |                  |                1 |              1 |         1.00 |
|  clkComp/genblk1[15].middleCLK/outCLK_reg_0 |                                          |                  |                1 |              1 |         1.00 |
|  clkComp/genblk1[2].middleCLK/outCLK_reg_0  |                                          |                  |                1 |              1 |         1.00 |
|  clkComp/genblk1[1].middleCLK/outCLK_reg_0  |                                          |                  |                1 |              1 |         1.00 |
|  vgaInst/vga_sync_unit/pixel_reg_reg[0]_0   |                                          |                  |                1 |              1 |         1.00 |
|  clkComp/lastCLK/CLK                        |                                          |                  |                3 |              4 |         1.33 |
|  sysCLK_IBUF_BUFG                           |                                          |                  |                4 |              5 |         1.25 |
|  SP1/pulse_reg_0                            | calINST/result[15]_i_1_n_0               |                  |                4 |              9 |         2.25 |
|  sysCLK_IBUF_BUFG                           | vgaInst/vga_sync_unit/pixel_reg_reg[0]_0 |                  |                4 |             12 |         3.00 |
|  sysCLK_IBUF_BUFG                           | vgaInst/vga_sync_unit/v_count_reg0       |                  |               86 |            193 |         2.24 |
+---------------------------------------------+------------------------------------------+------------------+------------------+----------------+--------------+


